2016-05-03 05:46:52,008 INFO 28372 [dd.dogapi] dog_stats_api.py:66 - Initializing dog api to use statsd: localhost, 8125
2016-05-03 05:47:02,924 WARNING 28372 [celery.redirected] log.py:282 - /opt/bitnami/apps/edx/edx-platform/venv/lib/python2.7/site-packages/celery/apps/worker.py:161: CDeprecationWarning: 
Starting from version 3.2 Celery will refuse to accept pickle by default.

The pickle serializer is a security concern as it may give attackers
the ability to execute any command.  It's important to secure
your broker from unauthorized access when using pickle, so we think
that enabling pickle should require a deliberate action and not be
the default choice.

If you depend on pickle then you should set a setting to disable this
warning and to be sure that everything will continue working
when you upgrade to Celery 3.2::

    CELERY_ACCEPT_CONTENT = ['pickle', 'json', 'msgpack', 'yaml']

You must only enable the serializers that you will actually use.


  warnings.warn(CDeprecationWarning(W_PICKLE_DEPRECATED))
2016-05-03 05:47:03,239 INFO 28372 [celery.worker.consumer] consumer.py:479 - Connected to amqp://bn_edx:**@127.0.0.1:5672//
2016-05-03 05:47:03,308 INFO 28372 [celery.worker.consumer] consumer.py:567 - mingle: searching for neighbors
2016-05-03 05:47:04,371 INFO 28372 [celery.worker.consumer] consumer.py:585 - mingle: all alone
2016-05-03 05:47:04,499 WARNING 28372 [celery.redirected] log.py:282 - celery@edx.cms.core.default.edx-1-vm ready.
2016-05-03 06:08:04,675 INFO 28372 [celery.worker.strategy] strategy.py:55 - Received task: openedx.core.djangoapps.content.course_structures.tasks.update_course_structure[9440393a-6e3f-4650-852e-e0f4ead130df]
2016-05-03 06:08:05,379 WARNING 28945 [xmodule.x_module] x_module.py:449 - Unable to load item i4x://ISeB/ISEB001/vertical/a4ce8ca030404b5197b65402fe76819f, skipping
2016-05-03 06:08:05,397 INFO 28372 [celery.worker.job] job.py:401 - Task openedx.core.djangoapps.content.course_structures.tasks.update_course_structure[9440393a-6e3f-4650-852e-e0f4ead130df] succeeded in 0.718534922009s: None
2016-05-03 06:15:11,472 INFO 28372 [celery.worker.strategy] strategy.py:55 - Received task: openedx.core.djangoapps.content.course_structures.tasks.update_course_structure[0e467158-71cc-4d61-a8d7-b0a2a8758721]
2016-05-03 06:15:12,190 WARNING 28946 [xmodule.x_module] x_module.py:449 - Unable to load item i4x://ISeB/ISEB001/vertical/a4ce8ca030404b5197b65402fe76819f, skipping
2016-05-03 06:15:12,209 INFO 28372 [celery.worker.job] job.py:401 - Task openedx.core.djangoapps.content.course_structures.tasks.update_course_structure[0e467158-71cc-4d61-a8d7-b0a2a8758721] succeeded in 0.734818569996s: None
